<?xml version="1.0" encoding="UTF-8" ?>
<testsuite failures="0" time="0.022" errors="0" skipped="0" tests="1" name="com.yogi.data.AppTest">
  <properties>
    <property name="java.runtime.name" value="Java(TM) SE Runtime Environment"/>
    <property name="sun.boot.library.path" value="D:\Java2\jdk1.7.0\jre\bin"/>
    <property name="java.vm.version" value="21.0-b17"/>
    <property name="java.vm.vendor" value="Oracle Corporation"/>
    <property name="java.vendor.url" value="http://java.oracle.com/"/>
    <property name="path.separator" value=";"/>
    <property name="java.vm.name" value="Java HotSpot(TM) Client VM"/>
    <property name="file.encoding.pkg" value="sun.io"/>
    <property name="user.script" value=""/>
    <property name="user.country" value="US"/>
    <property name="sun.java.launcher" value="SUN_STANDARD"/>
    <property name="sun.os.patch.level" value=""/>
    <property name="java.vm.specification.name" value="Java Virtual Machine Specification"/>
    <property name="user.dir" value="D:\resttraining\data"/>
    <property name="java.runtime.version" value="1.7.0-b147"/>
    <property name="java.awt.graphicsenv" value="sun.awt.Win32GraphicsEnvironment"/>
    <property name="basedir" value="D:\resttraining\data"/>
    <property name="java.endorsed.dirs" value="D:\Java2\jdk1.7.0\jre\lib\endorsed"/>
    <property name="os.arch" value="x86"/>
    <property name="surefire.real.class.path" value="C:\Users\YOGESH~1.CYB\AppData\Local\Temp\surefirebooter8080184140237575140.jar"/>
    <property name="java.io.tmpdir" value="C:\Users\YOGESH~1.CYB\AppData\Local\Temp\"/>
    <property name="line.separator" value="
"/>
    <property name="java.vm.specification.vendor" value="Oracle Corporation"/>
    <property name="user.variant" value=""/>
    <property name="os.name" value="Windows 7"/>
    <property name="sun.jnu.encoding" value="Cp1252"/>
    <property name="java.library.path" value="D:\Java2\jdk1.7.0\jre\bin;C:\Windows\Sun\Java\bin;C:\Windows\system32;C:\Windows;C:\Program Files\Java\jdk1.6.0_24\bin;D:\groovy\groovy-1.8.6\bin;C:\Program Files\Java\jdk1.6.0_24\jre\bin;C:\oraclexe\app\oracle\product\11.2.0\server\bin;c:\grails-1.3.7\bin;C:\maven303\bin;C:\Windows\system32;C:\Windows;C:\Windows\System32\Wbem;C:\Windows\System32\WindowsPowerShell\v1.0\;C:\Program Files\Windows Imaging\;C:\Program Files\JProbe 8.3\bin;D:\download\MuleESB\mule-standalone-3.2.1\mule-standalone-3.2.1\bin;C:\Program Files\MySQL\MySQL Server 5.5\bin;C:\Program Files\Git\bin;D:\download\scripted_v0.2.0\scripted\bin;D:\Ruby193\bin;."/>
    <property name="surefire.test.class.path" value="D:\resttraining\data\target\test-classes;D:\resttraining\data\target\classes;C:\Users\yogeshd.CYBAGE\.m2\repository\junit\junit\3.8.1\junit-3.8.1.jar;C:\Users\yogeshd.CYBAGE\.m2\repository\mysql\mysql-connector-java\5.1.23\mysql-connector-java-5.1.23.jar;C:\Users\yogeshd.CYBAGE\.m2\repository\org\mybatis\mybatis\3.1.1\mybatis-3.1.1.jar;C:\Users\yogeshd.CYBAGE\.m2\repository\org\springframework\spring-web\3.1.1.RELEASE\spring-web-3.1.1.RELEASE.jar;C:\Users\yogeshd.CYBAGE\.m2\repository\aopalliance\aopalliance\1.0\aopalliance-1.0.jar;C:\Users\yogeshd.CYBAGE\.m2\repository\org\springframework\spring-beans\3.1.1.RELEASE\spring-beans-3.1.1.RELEASE.jar;C:\Users\yogeshd.CYBAGE\.m2\repository\org\springframework\spring-core\3.1.1.RELEASE\spring-core-3.1.1.RELEASE.jar;C:\Users\yogeshd.CYBAGE\.m2\repository\org\springframework\spring-asm\3.1.1.RELEASE\spring-asm-3.1.1.RELEASE.jar;C:\Users\yogeshd.CYBAGE\.m2\repository\org\springframework\spring-context\3.1.1.RELEASE\spring-context-3.1.1.RELEASE.jar;C:\Users\yogeshd.CYBAGE\.m2\repository\org\springframework\spring-aop\3.1.1.RELEASE\spring-aop-3.1.1.RELEASE.jar;C:\Users\yogeshd.CYBAGE\.m2\repository\org\springframework\spring-expression\3.1.1.RELEASE\spring-expression-3.1.1.RELEASE.jar;C:\Users\yogeshd.CYBAGE\.m2\repository\org\aspectj\aspectjweaver\1.6.12\aspectjweaver-1.6.12.jar;C:\Users\yogeshd.CYBAGE\.m2\repository\cglib\cglib\2.2.2\cglib-2.2.2.jar;C:\Users\yogeshd.CYBAGE\.m2\repository\asm\asm\3.3.1\asm-3.3.1.jar;"/>
    <property name="java.specification.name" value="Java Platform API Specification"/>
    <property name="java.class.version" value="51.0"/>
    <property name="sun.management.compiler" value="HotSpot Client Compiler"/>
    <property name="os.version" value="6.1"/>
    <property name="user.home" value="C:\Users\yogeshd.CYBAGE"/>
    <property name="user.timezone" value=""/>
    <property name="java.awt.printerjob" value="sun.awt.windows.WPrinterJob"/>
    <property name="java.specification.version" value="1.7"/>
    <property name="file.encoding" value="Cp1252"/>
    <property name="user.name" value="yogeshd"/>
    <property name="java.class.path" value="D:\resttraining\data\target\test-classes;D:\resttraining\data\target\classes;C:\Users\yogeshd.CYBAGE\.m2\repository\junit\junit\3.8.1\junit-3.8.1.jar;C:\Users\yogeshd.CYBAGE\.m2\repository\mysql\mysql-connector-java\5.1.23\mysql-connector-java-5.1.23.jar;C:\Users\yogeshd.CYBAGE\.m2\repository\org\mybatis\mybatis\3.1.1\mybatis-3.1.1.jar;C:\Users\yogeshd.CYBAGE\.m2\repository\org\springframework\spring-web\3.1.1.RELEASE\spring-web-3.1.1.RELEASE.jar;C:\Users\yogeshd.CYBAGE\.m2\repository\aopalliance\aopalliance\1.0\aopalliance-1.0.jar;C:\Users\yogeshd.CYBAGE\.m2\repository\org\springframework\spring-beans\3.1.1.RELEASE\spring-beans-3.1.1.RELEASE.jar;C:\Users\yogeshd.CYBAGE\.m2\repository\org\springframework\spring-core\3.1.1.RELEASE\spring-core-3.1.1.RELEASE.jar;C:\Users\yogeshd.CYBAGE\.m2\repository\org\springframework\spring-asm\3.1.1.RELEASE\spring-asm-3.1.1.RELEASE.jar;C:\Users\yogeshd.CYBAGE\.m2\repository\org\springframework\spring-context\3.1.1.RELEASE\spring-context-3.1.1.RELEASE.jar;C:\Users\yogeshd.CYBAGE\.m2\repository\org\springframework\spring-aop\3.1.1.RELEASE\spring-aop-3.1.1.RELEASE.jar;C:\Users\yogeshd.CYBAGE\.m2\repository\org\springframework\spring-expression\3.1.1.RELEASE\spring-expression-3.1.1.RELEASE.jar;C:\Users\yogeshd.CYBAGE\.m2\repository\org\aspectj\aspectjweaver\1.6.12\aspectjweaver-1.6.12.jar;C:\Users\yogeshd.CYBAGE\.m2\repository\cglib\cglib\2.2.2\cglib-2.2.2.jar;C:\Users\yogeshd.CYBAGE\.m2\repository\asm\asm\3.3.1\asm-3.3.1.jar;"/>
    <property name="java.vm.specification.version" value="1.7"/>
    <property name="sun.arch.data.model" value="32"/>
    <property name="java.home" value="D:\Java2\jdk1.7.0\jre"/>
    <property name="sun.java.command" value="C:\Users\YOGESH~1.CYB\AppData\Local\Temp\surefirebooter8080184140237575140.jar C:\Users\YOGESH~1.CYB\AppData\Local\Temp\surefire6366692219237344405tmp C:\Users\YOGESH~1.CYB\AppData\Local\Temp\surefire7633057363287018577tmp"/>
    <property name="java.specification.vendor" value="Oracle Corporation"/>
    <property name="user.language" value="en"/>
    <property name="awt.toolkit" value="sun.awt.windows.WToolkit"/>
    <property name="java.vm.info" value="mixed mode"/>
    <property name="java.version" value="1.7.0"/>
    <property name="java.ext.dirs" value="D:\Java2\jdk1.7.0\jre\lib\ext;C:\Windows\Sun\Java\lib\ext"/>
    <property name="sun.boot.class.path" value="D:\Java2\jdk1.7.0\jre\lib\resources.jar;D:\Java2\jdk1.7.0\jre\lib\rt.jar;D:\Java2\jdk1.7.0\jre\lib\sunrsasign.jar;D:\Java2\jdk1.7.0\jre\lib\jsse.jar;D:\Java2\jdk1.7.0\jre\lib\jce.jar;D:\Java2\jdk1.7.0\jre\lib\charsets.jar;D:\Java2\jdk1.7.0\jre\classes"/>
    <property name="java.vendor" value="Oracle Corporation"/>
    <property name="localRepository" value="C:\Users\yogeshd.CYBAGE\.m2\repository"/>
    <property name="file.separator" value="\"/>
    <property name="java.vendor.url.bug" value="http://bugreport.sun.com/bugreport/"/>
    <property name="sun.cpu.endian" value="little"/>
    <property name="sun.io.unicode.encoding" value="UnicodeLittle"/>
    <property name="sun.desktop" value="windows"/>
    <property name="sun.cpu.isalist" value="pentium_pro+mmx pentium_pro pentium+mmx pentium i486 i386 i86"/>
  </properties>
  <testcase time="0.002" classname="com.yogi.data.AppTest" name="testApp"/>
</testsuite>